TN:
SF:script/Deploy.sol
FN:12,Deploy.run
FNDA:0,Deploy.run
DA:13,0
DA:15,0
DA:16,0
FNF:1
FNH:0
LF:3
LH:0
BRF:0
BRH:0
end_of_record
TN:
SF:src/PbAuraBase.sol
FN:62,PbAuraBase.setTreasury
FNDA:2,PbAuraBase.setTreasury
DA:63,1
BRDA:63,0,0,-
BRDA:63,0,1,1
DA:64,1
DA:65,1
FN:68,PbAuraBase.setYieldFeePerc
FNDA:2,PbAuraBase.setYieldFeePerc
DA:69,1
BRDA:69,1,0,-
BRDA:69,1,1,1
DA:70,1
DA:71,1
FN:74,PbAuraBase.pauseContract
FNDA:3,PbAuraBase.pauseContract
DA:75,2
FN:78,PbAuraBase.unPauseContract
FNDA:2,PbAuraBase.unPauseContract
DA:79,1
FN:96,PbAuraBase._authorizeUpgrade
FNDA:2,PbAuraBase._authorizeUpgrade
FNF:5
FNH:5
LF:8
LH:8
BRF:4
BRH:2
end_of_record
TN:
SF:src/PbAuraWsteth.sol
FN:18,PbAuraWsteth.initialize
FNDA:1,PbAuraWsteth.initialize
DA:19,0
DA:21,0
DA:22,0
DA:23,0
DA:24,0
DA:25,0
DA:26,0
DA:28,0
DA:29,0
DA:31,0
DA:32,0
DA:33,0
DA:34,0
DA:35,0
DA:36,0
DA:37,0
DA:38,0
FN:41,PbAuraWsteth.deposit
FNDA:14,PbAuraWsteth.deposit
DA:46,13
BRDA:46,0,0,-
BRDA:46,0,1,13
DA:47,13
BRDA:47,1,0,-
BRDA:47,1,1,13
DA:49,13
DA:50,13
BRDA:50,2,0,8
BRDA:50,2,1,13
DA:52,13
DA:53,13
BRDA:53,3,0,-
BRDA:53,3,1,9
DA:54,9
DA:55,9
BRDA:55,4,0,-
BRDA:55,4,1,5
DA:56,5
BRDA:56,5,0,-
BRDA:56,5,1,5
DA:57,5
DA:58,5
DA:60,4
DA:61,4
DA:63,9
DA:65,9
DA:71,9
DA:72,9
DA:75,4
DA:76,4
DA:77,4
DA:80,13
DA:81,13
DA:82,13
DA:84,13
FN:87,PbAuraWsteth.withdraw
FNDA:4,PbAuraWsteth.withdraw
DA:92,4
BRDA:92,6,0,-
BRDA:92,6,1,4
DA:93,4
DA:94,4
BRDA:94,7,0,-
BRDA:94,7,1,4
DA:95,4
BRDA:95,8,0,-
BRDA:95,8,1,4
DA:97,4
DA:99,4
DA:100,4
DA:101,4
DA:103,4
DA:104,4
BRDA:104,9,0,-
BRDA:104,9,1,2
DA:105,3
DA:106,3
DA:107,3
BRDA:107,10,0,-
BRDA:107,10,1,2
DA:108,2
DA:109,2
DA:111,1
DA:112,1
DA:115,3
DA:125,3
DA:127,3
DA:128,3
BRDA:128,11,0,-
BRDA:128,11,1,2
DA:129,2
DA:130,2
DA:131,2
BRDA:131,12,0,-
BRDA:131,12,1,2
DA:133,1
DA:137,1
DA:140,4
FN:145,PbAuraWsteth.harvest
FNDA:4,PbAuraWsteth.harvest
DA:147,17
DA:148,17
DA:149,17
BRDA:149,13,0,2
BRDA:149,13,1,17
DA:150,2
DA:151,2
DA:152,2
DA:155,17
DA:157,17
DA:158,17
DA:159,17
DA:160,17
BRDA:160,14,0,-
BRDA:160,14,1,2
DA:161,2
DA:164,2
BRDA:164,15,0,2
BRDA:164,15,1,2
DA:165,2
DA:172,2
DA:176,2
BRDA:176,16,0,2
BRDA:176,16,1,2
DA:177,2
DA:184,2
DA:188,2
BRDA:188,17,0,2
BRDA:188,17,1,2
DA:189,2
DA:196,2
DA:200,2
DA:208,2
DA:209,2
DA:210,2
DA:211,2
DA:214,2
DA:217,2
DA:220,2
FN:224,PbAuraWsteth.claim
FNDA:1,PbAuraWsteth.claim
DA:225,1
DA:227,1
DA:228,1
BRDA:228,18,0,-
BRDA:228,18,1,1
DA:230,1
DA:231,1
BRDA:231,19,0,-
BRDA:231,19,1,1
DA:232,1
DA:235,1
BRDA:235,20,0,1
BRDA:235,20,1,-
DA:236,1
DA:239,0
DA:243,1
DA:244,1
BRDA:244,21,0,-
BRDA:244,21,1,1
DA:245,1
DA:248,0
DA:252,1
DA:253,1
DA:255,1
FN:260,PbAuraWsteth._swap
FNDA:8,PbAuraWsteth._swap
DA:261,8
DA:269,8
DA:275,8
FN:278,PbAuraWsteth._getAssets
FNDA:12,PbAuraWsteth._getAssets
DA:279,12
DA:280,12
DA:281,12
FN:284,PbAuraWsteth.getPricePerFullShareInUSD
FNDA:0,PbAuraWsteth.getPricePerFullShareInUSD
DA:286,9
DA:288,9
DA:289,9
DA:290,9
DA:292,9
FN:296,PbAuraWsteth.getAllPool
FNDA:5,PbAuraWsteth.getAllPool
DA:299,27
FN:303,PbAuraWsteth.getAllPoolInUSD
FNDA:5,PbAuraWsteth.getAllPoolInUSD
DA:304,5
DA:305,5
BRDA:305,22,0,-
BRDA:305,22,1,4
DA:306,4
DA:307,4
FN:311,PbAuraWsteth.getPoolPendingReward
FNDA:2,PbAuraWsteth.getPoolPendingReward
DA:312,2
DA:315,2
DA:316,2
BRDA:316,23,0,2
BRDA:316,23,1,2
DA:317,2
DA:318,2
FN:322,PbAuraWsteth.getPoolExtraPendingReward
FNDA:2,PbAuraWsteth.getPoolExtraPendingReward
DA:323,2
FN:326,PbAuraWsteth.getUserPendingReward
FNDA:7,PbAuraWsteth.getUserPendingReward
DA:327,7
DA:328,7
FN:332,PbAuraWsteth.getUserBalance
FNDA:8,PbAuraWsteth.getUserBalance
DA:333,8
FN:337,PbAuraWsteth.getUserBalanceInUSD
FNDA:5,PbAuraWsteth.getUserBalanceInUSD
DA:338,5
DA:339,5
FNF:15
FNH:14
LF:140
LH:121
BRF:48
BRH:30
end_of_record
