TN:
SF:script/Deploy.sol
FN:17,Deploy.run
FNDA:0,Deploy.run
DA:18,0
DA:21,0
DA:24,0
DA:32,0
DA:34,0
DA:42,0
DA:46,0
DA:49,0
DA:57,0
FNF:1
FNH:0
LF:9
LH:0
BRF:0
BRH:0
end_of_record
TN:
SF:script/Upgrade.sol
FN:20,Upgrade.run
FNDA:0,Upgrade.run
DA:21,0
DA:23,0
DA:28,0
DA:29,0
FNF:1
FNH:0
LF:4
LH:0
BRF:0
BRH:0
end_of_record
TN:
SF:src/PbCrvArb2p.sol
FN:18,PbCrvArb2p.initialize
FNDA:0,PbCrvArb2p.initialize
DA:19,0
DA:21,0
DA:22,0
DA:23,0
DA:24,0
DA:25,0
DA:26,0
DA:27,0
DA:28,0
DA:29,0
DA:30,0
DA:32,0
DA:33,0
DA:34,0
DA:35,0
DA:36,0
DA:37,0
FN:40,PbCrvArb2p.deposit
FNDA:0,PbCrvArb2p.deposit
DA:41,0
BRDA:41,0,0,-
BRDA:41,0,1,-
DA:42,0
BRDA:42,1,0,-
BRDA:42,1,1,-
DA:44,0
DA:45,0
BRDA:45,2,0,-
BRDA:45,2,1,-
DA:47,0
DA:48,0
DA:50,0
DA:51,0
BRDA:51,3,0,-
BRDA:51,3,1,-
DA:52,0
DA:53,0
BRDA:53,4,0,-
BRDA:53,4,1,-
DA:54,0
DA:55,0
DA:57,0
DA:60,0
DA:61,0
DA:62,0
DA:63,0
DA:65,0
FN:68,PbCrvArb2p.withdraw
FNDA:0,PbCrvArb2p.withdraw
DA:69,0
BRDA:69,5,0,-
BRDA:69,5,1,-
DA:70,0
DA:71,0
BRDA:71,6,0,-
BRDA:71,6,1,-
DA:72,0
BRDA:72,7,0,-
BRDA:72,7,1,-
DA:74,0
DA:76,0
DA:77,0
DA:78,0
DA:80,0
DA:81,0
BRDA:81,8,0,-
BRDA:81,8,1,-
DA:82,0
DA:83,0
BRDA:83,9,0,-
BRDA:83,9,1,-
DA:84,0
DA:85,0
DA:87,0
DA:89,0
DA:91,0
FN:94,PbCrvArb2p.harvest
FNDA:0,PbCrvArb2p.harvest
DA:96,0
DA:97,0
DA:98,0
BRDA:98,10,0,-
BRDA:98,10,1,-
DA:99,0
DA:100,0
DA:101,0
DA:105,0
DA:107,0
DA:108,0
BRDA:108,11,0,-
BRDA:108,11,1,-
DA:109,0
DA:110,0
BRDA:110,12,0,-
BRDA:110,12,1,-
DA:111,0
DA:112,0
DA:122,0
DA:124,0
DA:125,0
DA:132,0
DA:136,0
DA:137,0
DA:138,0
DA:141,0
DA:144,0
DA:147,0
DA:150,0
DA:152,0
FN:156,PbCrvArb2p.claim
FNDA:0,PbCrvArb2p.claim
DA:157,0
DA:159,0
DA:160,0
BRDA:160,13,0,-
BRDA:160,13,1,-
DA:162,0
DA:163,0
BRDA:163,14,0,-
BRDA:163,14,1,-
DA:164,0
DA:167,0
BRDA:167,15,0,-
BRDA:167,15,1,-
DA:168,0
DA:171,0
DA:175,0
DA:176,0
BRDA:176,16,0,-
BRDA:176,16,1,-
DA:177,0
DA:180,0
DA:184,0
DA:185,0
DA:187,0
FN:192,PbCrvArb2p.switchGauge
FNDA:0,PbCrvArb2p.switchGauge
DA:193,0
DA:194,0
DA:195,0
DA:196,0
FN:199,PbCrvArb2p.getPricePerFullShareInUSD
FNDA:0,PbCrvArb2p.getPricePerFullShareInUSD
DA:200,0
FN:203,PbCrvArb2p.getAllPool
FNDA:0,PbCrvArb2p.getAllPool
DA:204,0
FN:207,PbCrvArb2p.getAllPoolInUSD
FNDA:0,PbCrvArb2p.getAllPoolInUSD
DA:208,0
DA:209,0
BRDA:209,17,0,-
BRDA:209,17,1,-
DA:210,0
FN:214,PbCrvArb2p.getPoolPendingReward
FNDA:0,PbCrvArb2p.getPoolPendingReward
DA:215,0
FN:218,PbCrvArb2p.getUserPendingReward
FNDA:0,PbCrvArb2p.getUserPendingReward
DA:219,0
DA:220,0
FN:223,PbCrvArb2p.getUserBalance
FNDA:0,PbCrvArb2p.getUserBalance
DA:224,0
FN:227,PbCrvArb2p.getUserBalanceInUSD
FNDA:0,PbCrvArb2p.getUserBalanceInUSD
DA:228,0
FNF:13
FNH:0
LF:107
LH:0
BRF:36
BRH:0
end_of_record
TN:
SF:src/PbCrvArbTri.sol
FN:20,PbCrvArbTri.initialize
FNDA:0,PbCrvArbTri.initialize
DA:21,0
DA:23,0
DA:24,0
DA:25,0
DA:26,0
DA:27,0
DA:28,0
DA:29,0
DA:30,0
DA:31,0
DA:32,0
DA:34,0
DA:35,0
DA:36,0
DA:37,0
DA:38,0
DA:39,0
DA:40,0
FN:43,PbCrvArbTri.deposit
FNDA:0,PbCrvArbTri.deposit
DA:44,0
BRDA:44,0,0,-
BRDA:44,0,1,-
DA:45,0
BRDA:45,1,0,-
BRDA:45,1,1,-
DA:47,0
DA:48,0
BRDA:48,2,0,-
BRDA:48,2,1,-
DA:50,0
BRDA:50,3,0,-
BRDA:50,3,1,-
DA:51,0
BRDA:51,4,0,-
BRDA:51,4,1,-
DA:52,0
DA:54,0
DA:56,0
DA:58,0
DA:59,0
BRDA:59,5,0,-
BRDA:59,5,1,-
DA:60,0
DA:61,0
BRDA:61,6,0,-
BRDA:61,6,1,-
DA:62,0
BRDA:62,7,0,-
BRDA:62,7,1,-
DA:63,0
DA:64,0
DA:65,0
DA:67,0
DA:70,0
DA:71,0
DA:72,0
DA:73,0
DA:75,0
FN:78,PbCrvArbTri.withdraw
FNDA:0,PbCrvArbTri.withdraw
DA:79,0
BRDA:79,8,0,-
BRDA:79,8,1,-
DA:80,0
DA:81,0
BRDA:81,9,0,-
BRDA:81,9,1,-
DA:82,0
BRDA:82,10,0,-
BRDA:82,10,1,-
DA:84,0
DA:86,0
DA:87,0
DA:88,0
DA:90,0
DA:91,0
BRDA:91,11,0,-
BRDA:91,11,1,-
DA:92,0
DA:93,0
BRDA:93,12,0,-
BRDA:93,12,1,-
DA:94,0
BRDA:94,13,0,-
BRDA:94,13,1,-
DA:95,0
DA:96,0
DA:97,0
DA:99,0
DA:102,0
BRDA:102,14,0,-
BRDA:102,14,1,-
DA:103,0
DA:104,0
DA:105,0
BRDA:105,15,0,-
BRDA:105,15,1,-
DA:107,0
DA:110,0
FN:115,PbCrvArbTri.harvest
FNDA:0,PbCrvArbTri.harvest
DA:117,0
DA:118,0
DA:119,0
BRDA:119,16,0,-
BRDA:119,16,1,-
DA:120,0
DA:121,0
DA:122,0
DA:126,0
DA:128,0
DA:129,0
BRDA:129,17,0,-
BRDA:129,17,1,-
DA:130,0
DA:131,0
BRDA:131,18,0,-
BRDA:131,18,1,-
DA:132,0
DA:133,0
DA:143,0
DA:145,0
DA:149,0
DA:150,0
DA:151,0
DA:154,0
DA:157,0
DA:160,0
DA:163,0
DA:165,0
FN:169,PbCrvArbTri.claim
FNDA:0,PbCrvArbTri.claim
DA:170,0
DA:172,0
DA:173,0
BRDA:173,19,0,-
BRDA:173,19,1,-
DA:175,0
DA:176,0
BRDA:176,20,0,-
BRDA:176,20,1,-
DA:177,0
DA:180,0
BRDA:180,21,0,-
BRDA:180,21,1,-
DA:181,0
DA:184,0
DA:188,0
DA:189,0
BRDA:189,22,0,-
BRDA:189,22,1,-
DA:190,0
DA:193,0
DA:197,0
DA:198,0
DA:200,0
FN:205,PbCrvArbTri._swap
FNDA:0,PbCrvArbTri._swap
DA:206,0
DA:207,0
BRDA:207,23,0,-
BRDA:207,23,1,-
DA:208,0
BRDA:208,24,0,-
BRDA:208,24,1,-
DA:209,0
DA:210,0
DA:217,0
FN:220,PbCrvArbTri.switchGauge
FNDA:0,PbCrvArbTri.switchGauge
DA:221,0
DA:222,0
DA:223,0
DA:224,0
FN:227,PbCrvArbTri.getPricePerFullShareInUSD
FNDA:0,PbCrvArbTri.getPricePerFullShareInUSD
DA:228,0
DA:230,0
DA:231,0
DA:232,0
DA:233,0
DA:235,0
FN:238,PbCrvArbTri.getAllPool
FNDA:0,PbCrvArbTri.getAllPool
DA:239,0
FN:242,PbCrvArbTri.getAllPoolInUSD
FNDA:0,PbCrvArbTri.getAllPoolInUSD
DA:243,0
DA:244,0
BRDA:244,25,0,-
BRDA:244,25,1,-
DA:245,0
FN:249,PbCrvArbTri.getPoolPendingReward
FNDA:0,PbCrvArbTri.getPoolPendingReward
DA:250,0
FN:253,PbCrvArbTri.getUserPendingReward
FNDA:0,PbCrvArbTri.getUserPendingReward
DA:254,0
DA:255,0
FN:258,PbCrvArbTri.getUserBalance
FNDA:0,PbCrvArbTri.getUserBalance
DA:259,0
FN:262,PbCrvArbTri.getUserBalanceInUSD
FNDA:0,PbCrvArbTri.getUserBalanceInUSD
DA:263,0
FNF:14
FNH:0
LF:128
LH:0
BRF:52
BRH:0
end_of_record
TN:
SF:src/PbCrvBase.sol
FN:56,PbCrvBase.setTreasury
FNDA:4,PbCrvBase.setTreasury
DA:57,2
BRDA:57,0,0,-
BRDA:57,0,1,2
DA:58,2
DA:59,2
FN:62,PbCrvBase.setYieldFeePerc
FNDA:4,PbCrvBase.setYieldFeePerc
DA:63,2
BRDA:63,1,0,-
BRDA:63,1,1,2
DA:64,2
DA:65,2
FN:68,PbCrvBase.pauseContract
FNDA:4,PbCrvBase.pauseContract
DA:69,2
FN:72,PbCrvBase.unPauseContract
FNDA:3,PbCrvBase.unPauseContract
DA:73,1
FN:90,PbCrvBase._authorizeUpgrade
FNDA:4,PbCrvBase._authorizeUpgrade
FNF:5
FNH:5
LF:8
LH:8
BRF:4
BRH:2
end_of_record
TN:
SF:src/PbCrvOpEth.sol
FN:23,PbCrvOpEth.initialize
FNDA:0,PbCrvOpEth.initialize
DA:24,0
DA:26,0
DA:27,0
DA:28,0
DA:29,0
DA:30,0
DA:31,0
DA:32,0
DA:33,0
DA:34,0
DA:35,0
DA:37,0
DA:38,0
DA:39,0
DA:40,0
DA:41,0
FN:44,PbCrvOpEth.deposit
FNDA:0,PbCrvOpEth.deposit
DA:45,0
BRDA:45,0,0,-
BRDA:45,0,1,-
DA:46,0
BRDA:46,1,0,-
BRDA:46,1,1,-
DA:48,0
DA:49,0
BRDA:49,2,0,-
BRDA:49,2,1,-
DA:51,0
BRDA:51,3,0,-
BRDA:51,3,1,-
DA:52,0
BRDA:52,4,0,-
BRDA:52,4,1,-
DA:54,0
DA:56,0
DA:58,0
DA:59,0
BRDA:59,5,0,-
BRDA:59,5,1,-
DA:60,0
DA:61,0
BRDA:61,6,0,-
BRDA:61,6,1,-
DA:62,0
DA:63,0
DA:65,0
DA:68,0
DA:69,0
DA:70,0
DA:71,0
DA:73,0
FN:76,PbCrvOpEth.withdraw
FNDA:0,PbCrvOpEth.withdraw
DA:77,0
BRDA:77,7,0,-
BRDA:77,7,1,-
DA:78,0
DA:79,0
BRDA:79,8,0,-
BRDA:79,8,1,-
DA:80,0
BRDA:80,9,0,-
BRDA:80,9,1,-
DA:82,0
DA:84,0
DA:85,0
DA:86,0
DA:88,0
DA:89,0
BRDA:89,10,0,-
BRDA:89,10,1,-
DA:90,0
DA:91,0
BRDA:91,11,0,-
BRDA:91,11,1,-
DA:92,0
DA:93,0
DA:95,0
DA:96,0
DA:99,0
FN:102,PbCrvOpEth.harvest
FNDA:0,PbCrvOpEth.harvest
DA:104,0
DA:105,0
DA:106,0
BRDA:106,12,0,-
BRDA:106,12,1,-
DA:107,0
DA:108,0
DA:109,0
DA:113,0
DA:114,0
DA:117,0
DA:118,0
DA:119,0
DA:121,0
DA:122,0
DA:123,0
BRDA:123,13,0,-
BRDA:123,13,1,-
DA:124,0
DA:127,0
BRDA:127,14,0,-
BRDA:127,14,1,-
DA:128,0
DA:129,0
DA:136,0
DA:140,0
BRDA:140,15,0,-
BRDA:140,15,1,-
DA:141,0
DA:156,0
DA:157,0
DA:158,0
DA:161,0
DA:164,0
DA:167,0
DA:170,0
DA:172,0
FN:176,PbCrvOpEth.claim
FNDA:0,PbCrvOpEth.claim
DA:177,0
DA:179,0
DA:180,0
BRDA:180,16,0,-
BRDA:180,16,1,-
DA:182,0
DA:183,0
BRDA:183,17,0,-
BRDA:183,17,1,-
DA:184,0
DA:187,0
BRDA:187,18,0,-
BRDA:187,18,1,-
DA:188,0
DA:191,0
DA:195,0
DA:196,0
BRDA:196,19,0,-
BRDA:196,19,1,-
DA:197,0
DA:200,0
DA:204,0
DA:205,0
DA:207,0
FN:212,PbCrvOpEth.getPricePerFullShareInUSD
FNDA:0,PbCrvOpEth.getPricePerFullShareInUSD
DA:213,0
FN:216,PbCrvOpEth.getAllPool
FNDA:0,PbCrvOpEth.getAllPool
DA:217,0
FN:220,PbCrvOpEth.getAllPoolInUSD
FNDA:0,PbCrvOpEth.getAllPoolInUSD
DA:221,0
DA:222,0
BRDA:222,20,0,-
BRDA:222,20,1,-
DA:223,0
DA:224,0
FN:228,PbCrvOpEth.getPoolPendingReward
FNDA:0,PbCrvOpEth.getPoolPendingReward
DA:229,0
FN:233,PbCrvOpEth.getPoolPendingReward2
FNDA:0,PbCrvOpEth.getPoolPendingReward2
DA:234,0
DA:235,0
FN:238,PbCrvOpEth.getUserPendingReward
FNDA:0,PbCrvOpEth.getUserPendingReward
DA:239,0
DA:240,0
FN:243,PbCrvOpEth.getUserBalance
FNDA:0,PbCrvOpEth.getUserBalance
DA:244,0
FN:247,PbCrvOpEth.getUserBalanceInUSD
FNDA:0,PbCrvOpEth.getUserBalanceInUSD
DA:248,0
DA:249,0
FNF:13
FNH:0
LF:112
LH:0
BRF:42
BRH:0
end_of_record
TN:
SF:src/PbCrvOpUsd.sol
FN:53,PbCrvOpUsd.deposit
FNDA:22,PbCrvOpUsd.deposit
DA:54,21
BRDA:54,0,0,-
BRDA:54,0,1,21
DA:55,21
BRDA:55,1,0,-
BRDA:55,1,1,21
DA:57,21
DA:58,21
BRDA:58,2,0,16
BRDA:58,2,1,21
DA:60,21
DA:61,21
DA:63,21
DA:64,21
BRDA:64,3,0,-
BRDA:64,3,1,17
DA:65,17
DA:66,17
BRDA:66,4,0,-
BRDA:66,4,1,4
DA:67,13
BRDA:67,5,0,-
BRDA:67,5,1,4
DA:68,9
BRDA:68,6,0,-
BRDA:68,6,1,5
DA:69,4
DA:70,17
DA:72,4
DA:75,21
DA:76,21
DA:77,21
DA:78,21
DA:80,21
FN:85,PbCrvOpUsd.depositOnBehalf
FNDA:1,PbCrvOpUsd.depositOnBehalf
DA:86,1
DA:87,1
BRDA:87,7,0,-
BRDA:87,7,1,1
DA:91,1
DA:93,1
DA:94,1
DA:95,1
DA:97,1
DA:98,1
DA:100,1
FN:103,PbCrvOpUsd.withdraw
FNDA:6,PbCrvOpUsd.withdraw
DA:104,6
BRDA:104,8,0,-
BRDA:104,8,1,6
DA:105,6
DA:106,6
BRDA:106,9,0,-
BRDA:106,9,1,6
DA:107,6
BRDA:107,10,0,-
BRDA:107,10,1,6
DA:109,6
DA:111,6
DA:112,6
DA:113,6
DA:115,6
DA:116,6
BRDA:116,11,0,-
BRDA:116,11,1,5
DA:117,5
DA:118,5
BRDA:118,12,0,1
BRDA:118,12,1,4
DA:119,4
BRDA:119,13,0,1
BRDA:119,13,1,3
DA:120,3
BRDA:120,14,0,2
BRDA:120,14,1,1
DA:121,1
DA:122,5
DA:124,1
DA:126,6
DA:128,6
FN:131,PbCrvOpUsd.harvest
FNDA:12,PbCrvOpUsd.harvest
DA:133,36
DA:134,36
DA:135,36
BRDA:135,15,0,10
BRDA:135,15,1,36
DA:136,10
DA:137,10
DA:138,10
DA:142,36
DA:143,36
DA:146,36
DA:147,36
DA:148,36
DA:150,36
DA:151,36
DA:152,36
BRDA:152,16,0,-
BRDA:152,16,1,8
DA:153,8
DA:156,8
BRDA:156,17,0,-
BRDA:156,17,1,8
DA:157,8
DA:172,8
BRDA:172,18,0,-
BRDA:172,18,1,8
DA:173,8
DA:188,8
BRDA:188,19,0,-
BRDA:188,19,1,2
DA:189,2
DA:204,8
DA:205,8
DA:206,8
DA:209,8
DA:212,8
DA:215,8
DA:218,8
DA:220,8
FN:224,PbCrvOpUsd.claim
FNDA:2,PbCrvOpUsd.claim
DA:225,8
DA:227,8
DA:228,8
BRDA:228,20,0,-
BRDA:228,20,1,3
DA:230,8
DA:231,8
BRDA:231,21,0,-
BRDA:231,21,1,3
DA:232,3
DA:235,3
BRDA:235,22,0,3
BRDA:235,22,1,-
DA:236,3
DA:239,0
DA:243,3
DA:244,3
BRDA:244,23,0,-
BRDA:244,23,1,3
DA:245,3
DA:248,0
DA:252,3
DA:253,3
DA:255,3
FN:260,PbCrvOpUsd.getPricePerFullShareInUSD
FNDA:0,PbCrvOpUsd.getPricePerFullShareInUSD
DA:261,18
FN:264,PbCrvOpUsd.getAllPool
FNDA:12,PbCrvOpUsd.getAllPool
DA:265,58
FN:268,PbCrvOpUsd.getAllPoolInUSD
FNDA:10,PbCrvOpUsd.getAllPoolInUSD
DA:269,10
DA:270,10
BRDA:270,24,0,8
BRDA:270,24,1,10
DA:271,8
FN:276,PbCrvOpUsd.getPoolPendingReward
FNDA:0,PbCrvOpUsd.getPoolPendingReward
DA:277,0
FN:281,PbCrvOpUsd.getPoolPendingReward2
FNDA:4,PbCrvOpUsd.getPoolPendingReward2
DA:282,4
DA:283,4
FN:286,PbCrvOpUsd.getUserPendingReward
FNDA:10,PbCrvOpUsd.getUserPendingReward
DA:287,10
DA:288,10
FN:291,PbCrvOpUsd.getUserBalance
FNDA:20,PbCrvOpUsd.getUserBalance
DA:292,20
FN:295,PbCrvOpUsd.getUserBalanceInUSD
FNDA:10,PbCrvOpUsd.getUserBalanceInUSD
DA:296,10
FNF:13
FNH:11
LF:105
LH:102
BRF:50
BRH:31
end_of_record
TN:
SF:src/PbCrvPolyTri.sol
FN:22,PbCrvPolyTri.initialize
FNDA:0,PbCrvPolyTri.initialize
DA:23,0
DA:25,0
DA:26,0
DA:27,0
DA:28,0
DA:29,0
DA:30,0
DA:31,0
DA:32,0
DA:33,0
DA:34,0
DA:36,0
DA:37,0
DA:38,0
DA:39,0
DA:40,0
DA:41,0
DA:42,0
DA:43,0
DA:44,0
FN:47,PbCrvPolyTri.deposit
FNDA:0,PbCrvPolyTri.deposit
DA:48,0
BRDA:48,0,0,-
BRDA:48,0,1,-
DA:49,0
BRDA:49,1,0,-
BRDA:49,1,1,-
DA:51,0
DA:52,0
BRDA:52,2,0,-
BRDA:52,2,1,-
DA:54,0
DA:55,0
DA:57,0
DA:58,0
BRDA:58,3,0,-
BRDA:58,3,1,-
DA:59,0
DA:60,0
BRDA:60,4,0,-
BRDA:60,4,1,-
DA:61,0
BRDA:61,5,0,-
BRDA:61,5,1,-
DA:62,0
BRDA:62,6,0,-
BRDA:62,6,1,-
DA:63,0
BRDA:63,7,0,-
BRDA:63,7,1,-
DA:64,0
DA:65,0
DA:66,0
DA:68,0
DA:71,0
DA:72,0
DA:73,0
DA:74,0
DA:76,0
FN:79,PbCrvPolyTri.withdraw
FNDA:0,PbCrvPolyTri.withdraw
DA:80,0
BRDA:80,8,0,-
BRDA:80,8,1,-
DA:81,0
DA:82,0
BRDA:82,9,0,-
BRDA:82,9,1,-
DA:83,0
BRDA:83,10,0,-
BRDA:83,10,1,-
DA:85,0
DA:87,0
DA:88,0
DA:89,0
DA:91,0
DA:92,0
BRDA:92,11,0,-
BRDA:92,11,1,-
DA:93,0
DA:94,0
BRDA:94,12,0,-
BRDA:94,12,1,-
DA:95,0
BRDA:95,13,0,-
BRDA:95,13,1,-
DA:96,0
BRDA:96,14,0,-
BRDA:96,14,1,-
DA:97,0
BRDA:97,15,0,-
BRDA:97,15,1,-
DA:98,0
DA:99,0
DA:100,0
DA:102,0
DA:104,0
DA:106,0
FN:109,PbCrvPolyTri.harvest
FNDA:0,PbCrvPolyTri.harvest
DA:111,0
DA:112,0
DA:113,0
BRDA:113,16,0,-
BRDA:113,16,1,-
DA:114,0
DA:115,0
DA:116,0
DA:120,0
DA:122,0
DA:123,0
BRDA:123,17,0,-
BRDA:123,17,1,-
DA:124,0
DA:125,0
BRDA:125,18,0,-
BRDA:125,18,1,-
DA:126,0
DA:127,0
DA:128,0
DA:129,0
DA:137,0
DA:141,0
DA:142,0
DA:143,0
DA:146,0
DA:149,0
DA:152,0
DA:155,0
DA:157,0
FN:161,PbCrvPolyTri.claim
FNDA:0,PbCrvPolyTri.claim
DA:162,0
DA:164,0
DA:165,0
BRDA:165,19,0,-
BRDA:165,19,1,-
DA:167,0
DA:168,0
BRDA:168,20,0,-
BRDA:168,20,1,-
DA:169,0
DA:172,0
BRDA:172,21,0,-
BRDA:172,21,1,-
DA:173,0
DA:176,0
DA:180,0
DA:181,0
BRDA:181,22,0,-
BRDA:181,22,1,-
DA:182,0
DA:185,0
DA:189,0
DA:190,0
DA:192,0
FN:197,PbCrvPolyTri._swap
FNDA:0,PbCrvPolyTri._swap
DA:198,0
DA:199,0
DA:200,0
DA:201,0
DA:202,0
FN:211,PbCrvPolyTri.getPricePerFullShareInUSD
FNDA:0,PbCrvPolyTri.getPricePerFullShareInUSD
DA:213,0
DA:214,0
DA:216,0
DA:218,0
DA:220,0
DA:222,0
DA:223,0
DA:225,0
FN:228,PbCrvPolyTri.getAllPool
FNDA:0,PbCrvPolyTri.getAllPool
DA:229,0
FN:232,PbCrvPolyTri.getAllPoolInUSD
FNDA:0,PbCrvPolyTri.getAllPoolInUSD
DA:233,0
DA:234,0
BRDA:234,23,0,-
BRDA:234,23,1,-
DA:235,0
FN:238,PbCrvPolyTri.getPoolPendingReward
FNDA:0,PbCrvPolyTri.getPoolPendingReward
DA:239,0
FN:242,PbCrvPolyTri.getUserPendingReward
FNDA:0,PbCrvPolyTri.getUserPendingReward
DA:243,0
DA:244,0
FN:247,PbCrvPolyTri.getUserBalance
FNDA:0,PbCrvPolyTri.getUserBalance
DA:248,0
FN:251,PbCrvPolyTri.getUserBalanceInUSD
FNDA:0,PbCrvPolyTri.getUserBalanceInUSD
DA:252,0
FNF:13
FNH:0
LF:125
LH:0
BRF:48
BRH:0
end_of_record
